<?xml version="1.0" encoding="UTF-8"?>
<testsuite xmlns:xsi="http://www.w3.org/2001/XMLSchema-instance" xsi:noNamespaceSchemaLocation="https://maven.apache.org/surefire/maven-surefire-plugin/xsd/surefire-test-report-3.0.xsd" version="3.0" name="tn.esprit.tpfoyer.FoyerRestControllerTest" time="0.686" tests="6" errors="0" skipped="0" failures="0">
  <properties>
[...]
</properties>
  <testcase name="testModifyFoyer" classname="tn.esprit.tpfoyer.FoyerRestControllerTest" time="0.302">
    <system-out><![CDATA[2025-07-18T01:01:21.511+01:00 DEBUG 160138 --- [           main] s.w.s.m.m.a.RequestMappingHandlerMapping : 5 mappings in org.springframework.web.servlet.mvc.method.annotation.RequestMappingHandlerMapping
2025-07-18T01:01:21.520+01:00 DEBUG 160138 --- [           main] s.w.s.m.m.a.RequestMappingHandlerAdapter : ControllerAdvice beans: 0 @ModelAttribute, 0 @InitBinder, 1 RequestBodyAdvice, 1 ResponseBodyAdvice
2025-07-18T01:01:21.522+01:00 DEBUG 160138 --- [           main] .m.m.a.ExceptionHandlerExceptionResolver : ControllerAdvice beans: 0 @ExceptionHandler, 1 ResponseBodyAdvice
2025-07-18T01:01:21.523+01:00  INFO 160138 --- [           main] o.s.mock.web.MockServletContext          : Initializing Spring TestDispatcherServlet ''
2025-07-18T01:01:21.525+01:00  INFO 160138 --- [           main] o.s.t.web.servlet.TestDispatcherServlet  : Initializing Servlet ''
2025-07-18T01:01:21.526+01:00  INFO 160138 --- [           main] o.s.t.web.servlet.TestDispatcherServlet  : Completed initialization in 1 ms
2025-07-18T01:01:21.537+01:00 DEBUG 160138 --- [           main] s.w.s.m.m.a.RequestMappingHandlerMapping : Mapped to tn.esprit.tpfoyer.control.FoyerRestController#modifyFoyer(Foyer)
2025-07-18T01:01:21.551+01:00 DEBUG 160138 --- [           main] m.m.a.RequestResponseBodyMethodProcessor : Read "application/json" to [Foyer(idFoyer=1, nomFoyer=Foyer Modifié, capaciteFoyer=300)]
2025-07-18T01:01:21.559+01:00 DEBUG 160138 --- [           main] m.m.a.RequestResponseBodyMethodProcessor : Using 'application/json', given [*/*] and supported [application/json, application/*+json]
2025-07-18T01:01:21.561+01:00 DEBUG 160138 --- [           main] m.m.a.RequestResponseBodyMethodProcessor : Writing [Foyer(idFoyer=1, nomFoyer=Foyer Modifié, capaciteFoyer=300)]
]]></system-out>
  </testcase>
  <testcase name="testRemoveFoyer" classname="tn.esprit.tpfoyer.FoyerRestControllerTest" time="0.06">
    <system-out><![CDATA[2025-07-18T01:01:21.609+01:00 DEBUG 160138 --- [           main] s.w.s.m.m.a.RequestMappingHandlerMapping : 5 mappings in org.springframework.web.servlet.mvc.method.annotation.RequestMappingHandlerMapping
2025-07-18T01:01:21.615+01:00 DEBUG 160138 --- [           main] s.w.s.m.m.a.RequestMappingHandlerAdapter : ControllerAdvice beans: 0 @ModelAttribute, 0 @InitBinder, 1 RequestBodyAdvice, 1 ResponseBodyAdvice
2025-07-18T01:01:21.617+01:00 DEBUG 160138 --- [           main] .m.m.a.ExceptionHandlerExceptionResolver : ControllerAdvice beans: 0 @ExceptionHandler, 1 ResponseBodyAdvice
2025-07-18T01:01:21.618+01:00  INFO 160138 --- [           main] o.s.mock.web.MockServletContext          : Initializing Spring TestDispatcherServlet ''
2025-07-18T01:01:21.619+01:00  INFO 160138 --- [           main] o.s.t.web.servlet.TestDispatcherServlet  : Initializing Servlet ''
2025-07-18T01:01:21.620+01:00  INFO 160138 --- [           main] o.s.t.web.servlet.TestDispatcherServlet  : Completed initialization in 1 ms
2025-07-18T01:01:21.624+01:00 DEBUG 160138 --- [           main] s.w.s.m.m.a.RequestMappingHandlerMapping : Mapped to tn.esprit.tpfoyer.control.FoyerRestController#removeFoyer(Long)
2025-07-18T01:01:21.629+01:00 DEBUG 160138 --- [           main] m.m.a.RequestResponseBodyMethodProcessor : Using 'application/json', given [*/*] and supported [application/json, application/*+json]
2025-07-18T01:01:21.630+01:00 DEBUG 160138 --- [           main] m.m.a.RequestResponseBodyMethodProcessor : Nothing to write: null body
]]></system-out>
  </testcase>
  <testcase name="testAddFoyer_WithInvalidData" classname="tn.esprit.tpfoyer.FoyerRestControllerTest" time="0.098">
    <system-out><![CDATA[2025-07-18T01:01:21.692+01:00 DEBUG 160138 --- [           main] s.w.s.m.m.a.RequestMappingHandlerMapping : 5 mappings in org.springframework.web.servlet.mvc.method.annotation.RequestMappingHandlerMapping
2025-07-18T01:01:21.699+01:00 DEBUG 160138 --- [           main] s.w.s.m.m.a.RequestMappingHandlerAdapter : ControllerAdvice beans: 0 @ModelAttribute, 0 @InitBinder, 1 RequestBodyAdvice, 1 ResponseBodyAdvice
2025-07-18T01:01:21.700+01:00 DEBUG 160138 --- [           main] .m.m.a.ExceptionHandlerExceptionResolver : ControllerAdvice beans: 0 @ExceptionHandler, 1 ResponseBodyAdvice
2025-07-18T01:01:21.701+01:00  INFO 160138 --- [           main] o.s.mock.web.MockServletContext          : Initializing Spring TestDispatcherServlet ''
2025-07-18T01:01:21.702+01:00  INFO 160138 --- [           main] o.s.t.web.servlet.TestDispatcherServlet  : Initializing Servlet ''
2025-07-18T01:01:21.703+01:00  INFO 160138 --- [           main] o.s.t.web.servlet.TestDispatcherServlet  : Completed initialization in 1 ms
2025-07-18T01:01:21.712+01:00 DEBUG 160138 --- [           main] s.w.s.m.m.a.RequestMappingHandlerMapping : Mapped to tn.esprit.tpfoyer.control.FoyerRestController#addFoyer(Foyer)
2025-07-18T01:01:21.722+01:00 DEBUG 160138 --- [           main] m.m.a.RequestResponseBodyMethodProcessor : Read "application/json" to [Foyer(idFoyer=null, nomFoyer=null, capaciteFoyer=0)]
2025-07-18T01:01:21.729+01:00 DEBUG 160138 --- [           main] m.m.a.RequestResponseBodyMethodProcessor : Using 'application/json', given [*/*] and supported [application/json, application/*+json]
2025-07-18T01:01:21.730+01:00 DEBUG 160138 --- [           main] m.m.a.RequestResponseBodyMethodProcessor : Nothing to write: null body
]]></system-out>
  </testcase>
  <testcase name="testRetrieveFoyer" classname="tn.esprit.tpfoyer.FoyerRestControllerTest" time="0.059">
    <system-out><![CDATA[2025-07-18T01:01:21.764+01:00 DEBUG 160138 --- [           main] s.w.s.m.m.a.RequestMappingHandlerMapping : 5 mappings in org.springframework.web.servlet.mvc.method.annotation.RequestMappingHandlerMapping
2025-07-18T01:01:21.772+01:00 DEBUG 160138 --- [           main] s.w.s.m.m.a.RequestMappingHandlerAdapter : ControllerAdvice beans: 0 @ModelAttribute, 0 @InitBinder, 1 RequestBodyAdvice, 1 ResponseBodyAdvice
2025-07-18T01:01:21.774+01:00 DEBUG 160138 --- [           main] .m.m.a.ExceptionHandlerExceptionResolver : ControllerAdvice beans: 0 @ExceptionHandler, 1 ResponseBodyAdvice
2025-07-18T01:01:21.775+01:00  INFO 160138 --- [           main] o.s.mock.web.MockServletContext          : Initializing Spring TestDispatcherServlet ''
2025-07-18T01:01:21.776+01:00  INFO 160138 --- [           main] o.s.t.web.servlet.TestDispatcherServlet  : Initializing Servlet ''
2025-07-18T01:01:21.777+01:00  INFO 160138 --- [           main] o.s.t.web.servlet.TestDispatcherServlet  : Completed initialization in 1 ms
2025-07-18T01:01:21.781+01:00 DEBUG 160138 --- [           main] s.w.s.m.m.a.RequestMappingHandlerMapping : Mapped to tn.esprit.tpfoyer.control.FoyerRestController#retrieveFoyer(Long)
2025-07-18T01:01:21.790+01:00 DEBUG 160138 --- [           main] m.m.a.RequestResponseBodyMethodProcessor : Using 'application/json', given [*/*] and supported [application/json, application/*+json]
2025-07-18T01:01:21.791+01:00 DEBUG 160138 --- [           main] m.m.a.RequestResponseBodyMethodProcessor : Writing [Foyer(idFoyer=1, nomFoyer=Foyer A, capaciteFoyer=100)]
]]></system-out>
  </testcase>
  <testcase name="testAddFoyer" classname="tn.esprit.tpfoyer.FoyerRestControllerTest" time="0.082">
    <system-out><![CDATA[2025-07-18T01:01:21.832+01:00 DEBUG 160138 --- [           main] s.w.s.m.m.a.RequestMappingHandlerMapping : 5 mappings in org.springframework.web.servlet.mvc.method.annotation.RequestMappingHandlerMapping
2025-07-18T01:01:21.839+01:00 DEBUG 160138 --- [           main] s.w.s.m.m.a.RequestMappingHandlerAdapter : ControllerAdvice beans: 0 @ModelAttribute, 0 @InitBinder, 1 RequestBodyAdvice, 1 ResponseBodyAdvice
2025-07-18T01:01:21.841+01:00 DEBUG 160138 --- [           main] .m.m.a.ExceptionHandlerExceptionResolver : ControllerAdvice beans: 0 @ExceptionHandler, 1 ResponseBodyAdvice
2025-07-18T01:01:21.842+01:00  INFO 160138 --- [           main] o.s.mock.web.MockServletContext          : Initializing Spring TestDispatcherServlet ''
2025-07-18T01:01:21.843+01:00  INFO 160138 --- [           main] o.s.t.web.servlet.TestDispatcherServlet  : Initializing Servlet ''
2025-07-18T01:01:21.844+01:00  INFO 160138 --- [           main] o.s.t.web.servlet.TestDispatcherServlet  : Completed initialization in 0 ms
2025-07-18T01:01:21.854+01:00 DEBUG 160138 --- [           main] s.w.s.m.m.a.RequestMappingHandlerMapping : Mapped to tn.esprit.tpfoyer.control.FoyerRestController#addFoyer(Foyer)
2025-07-18T01:01:21.865+01:00 DEBUG 160138 --- [           main] m.m.a.RequestResponseBodyMethodProcessor : Read "application/json" to [Foyer(idFoyer=null, nomFoyer=Nouveau Foyer, capaciteFoyer=200)]
2025-07-18T01:01:21.874+01:00 DEBUG 160138 --- [           main] m.m.a.RequestResponseBodyMethodProcessor : Using 'application/json', given [*/*] and supported [application/json, application/*+json]
2025-07-18T01:01:21.875+01:00 DEBUG 160138 --- [           main] m.m.a.RequestResponseBodyMethodProcessor : Writing [Foyer(idFoyer=null, nomFoyer=Nouveau Foyer, capaciteFoyer=200)]
]]></system-out>
  </testcase>
  <testcase name="testGetFoyers" classname="tn.esprit.tpfoyer.FoyerRestControllerTest" time="0.059">
    <system-out><![CDATA[2025-07-18T01:01:21.908+01:00 DEBUG 160138 --- [           main] s.w.s.m.m.a.RequestMappingHandlerMapping : 5 mappings in org.springframework.web.servlet.mvc.method.annotation.RequestMappingHandlerMapping
2025-07-18T01:01:21.914+01:00 DEBUG 160138 --- [           main] s.w.s.m.m.a.RequestMappingHandlerAdapter : ControllerAdvice beans: 0 @ModelAttribute, 0 @InitBinder, 1 RequestBodyAdvice, 1 ResponseBodyAdvice
2025-07-18T01:01:21.916+01:00 DEBUG 160138 --- [           main] .m.m.a.ExceptionHandlerExceptionResolver : ControllerAdvice beans: 0 @ExceptionHandler, 1 ResponseBodyAdvice
2025-07-18T01:01:21.917+01:00  INFO 160138 --- [           main] o.s.mock.web.MockServletContext          : Initializing Spring TestDispatcherServlet ''
2025-07-18T01:01:21.917+01:00  INFO 160138 --- [           main] o.s.t.web.servlet.TestDispatcherServlet  : Initializing Servlet ''
2025-07-18T01:01:21.919+01:00  INFO 160138 --- [           main] o.s.t.web.servlet.TestDispatcherServlet  : Completed initialization in 1 ms
2025-07-18T01:01:21.923+01:00 DEBUG 160138 --- [           main] s.w.s.m.m.a.RequestMappingHandlerMapping : Mapped to tn.esprit.tpfoyer.control.FoyerRestController#getFoyers()
2025-07-18T01:01:21.928+01:00 DEBUG 160138 --- [           main] m.m.a.RequestResponseBodyMethodProcessor : Using 'application/json', given [*/*] and supported [application/json, application/*+json]
2025-07-18T01:01:21.929+01:00 DEBUG 160138 --- [           main] m.m.a.RequestResponseBodyMethodProcessor : Writing [[Foyer(idFoyer=1, nomFoyer=Foyer A, capaciteFoyer=100), Foyer(idFoyer=2, nomFoyer=Foyer B, capaciteF (truncated)...]
]]></system-out>
  </testcase>
</testsuite>