<?xml version="1.0" encoding="UTF-8"?>
<testsuite xmlns:xsi="http://www.w3.org/2001/XMLSchema-instance" xsi:noNamespaceSchemaLocation="https://maven.apache.org/surefire/maven-surefire-plugin/xsd/surefire-test-report-3.0.xsd" version="3.0" name="tn.esprit.tpfoyer.UniversiteRestControllerTest" time="1.34" tests="8" errors="0" skipped="0" failures="0">
  <properties>
[...]
</properties>
  <testcase name="testGetAllUniversites" classname="tn.esprit.tpfoyer.UniversiteRestControllerTest" time="0.501">
    <system-out><![CDATA[2025-07-18T01:01:20.312+01:00 DEBUG 160138 --- [           main] s.w.s.m.m.a.RequestMappingHandlerMapping : 5 mappings in org.springframework.web.servlet.mvc.method.annotation.RequestMappingHandlerMapping
2025-07-18T01:01:20.322+01:00 DEBUG 160138 --- [           main] s.w.s.m.m.a.RequestMappingHandlerAdapter : ControllerAdvice beans: 0 @ModelAttribute, 0 @InitBinder, 1 RequestBodyAdvice, 1 ResponseBodyAdvice
2025-07-18T01:01:20.325+01:00 DEBUG 160138 --- [           main] .m.m.a.ExceptionHandlerExceptionResolver : ControllerAdvice beans: 0 @ExceptionHandler, 1 ResponseBodyAdvice
2025-07-18T01:01:20.329+01:00  INFO 160138 --- [           main] o.s.mock.web.MockServletContext          : Initializing Spring TestDispatcherServlet ''
2025-07-18T01:01:20.330+01:00  INFO 160138 --- [           main] o.s.t.web.servlet.TestDispatcherServlet  : Initializing Servlet ''
2025-07-18T01:01:20.333+01:00  INFO 160138 --- [           main] o.s.t.web.servlet.TestDispatcherServlet  : Completed initialization in 2 ms
2025-07-18T01:01:20.339+01:00 DEBUG 160138 --- [           main] s.w.s.m.m.a.RequestMappingHandlerMapping : Mapped to tn.esprit.tpfoyer.control.UniversiteRestController#getUniversites()
2025-07-18T01:01:20.350+01:00 DEBUG 160138 --- [           main] m.m.a.RequestResponseBodyMethodProcessor : Using 'application/json', given [*/*] and supported [application/json, application/*+json]
2025-07-18T01:01:20.353+01:00 DEBUG 160138 --- [           main] m.m.a.RequestResponseBodyMethodProcessor : Writing [[Universite(idUniversite=1, nomUniversite=Université de Tunis, adresse=Tunis, Tunisie, foyer=Foyer(i (truncated)...]
]]></system-out>
  </testcase>
  <testcase name="testAddUniversite_WithInvalidData" classname="tn.esprit.tpfoyer.UniversiteRestControllerTest" time="0.164">
    <system-out><![CDATA[2025-07-18T01:01:20.467+01:00 DEBUG 160138 --- [           main] s.w.s.m.m.a.RequestMappingHandlerMapping : 5 mappings in org.springframework.web.servlet.mvc.method.annotation.RequestMappingHandlerMapping
2025-07-18T01:01:20.476+01:00 DEBUG 160138 --- [           main] s.w.s.m.m.a.RequestMappingHandlerAdapter : ControllerAdvice beans: 0 @ModelAttribute, 0 @InitBinder, 1 RequestBodyAdvice, 1 ResponseBodyAdvice
2025-07-18T01:01:20.479+01:00 DEBUG 160138 --- [           main] .m.m.a.ExceptionHandlerExceptionResolver : ControllerAdvice beans: 0 @ExceptionHandler, 1 ResponseBodyAdvice
2025-07-18T01:01:20.480+01:00  INFO 160138 --- [           main] o.s.mock.web.MockServletContext          : Initializing Spring TestDispatcherServlet ''
2025-07-18T01:01:20.481+01:00  INFO 160138 --- [           main] o.s.t.web.servlet.TestDispatcherServlet  : Initializing Servlet ''
2025-07-18T01:01:20.488+01:00  INFO 160138 --- [           main] o.s.t.web.servlet.TestDispatcherServlet  : Completed initialization in 6 ms
2025-07-18T01:01:20.517+01:00 DEBUG 160138 --- [           main] s.w.s.m.m.a.RequestMappingHandlerMapping : Mapped to tn.esprit.tpfoyer.control.UniversiteRestController#addUniversite(Universite)
2025-07-18T01:01:20.545+01:00 DEBUG 160138 --- [           main] m.m.a.RequestResponseBodyMethodProcessor : Read "application/json" to [Universite(idUniversite=0, nomUniversite=null, adresse=null, foyer=null)]
2025-07-18T01:01:20.560+01:00 DEBUG 160138 --- [           main] m.m.a.RequestResponseBodyMethodProcessor : Using 'application/json', given [*/*] and supported [application/json, application/*+json]
2025-07-18T01:01:20.562+01:00 DEBUG 160138 --- [           main] m.m.a.RequestResponseBodyMethodProcessor : Writing [Universite(idUniversite=0, nomUniversite=null, adresse=null, foyer=null)]
]]></system-out>
  </testcase>
  <testcase name="testModifyUniversite" classname="tn.esprit.tpfoyer.UniversiteRestControllerTest" time="0.136">
    <system-out><![CDATA[2025-07-18T01:01:20.629+01:00 DEBUG 160138 --- [           main] s.w.s.m.m.a.RequestMappingHandlerMapping : 5 mappings in org.springframework.web.servlet.mvc.method.annotation.RequestMappingHandlerMapping
2025-07-18T01:01:20.637+01:00 DEBUG 160138 --- [           main] s.w.s.m.m.a.RequestMappingHandlerAdapter : ControllerAdvice beans: 0 @ModelAttribute, 0 @InitBinder, 1 RequestBodyAdvice, 1 ResponseBodyAdvice
2025-07-18T01:01:20.639+01:00 DEBUG 160138 --- [           main] .m.m.a.ExceptionHandlerExceptionResolver : ControllerAdvice beans: 0 @ExceptionHandler, 1 ResponseBodyAdvice
2025-07-18T01:01:20.640+01:00  INFO 160138 --- [           main] o.s.mock.web.MockServletContext          : Initializing Spring TestDispatcherServlet ''
2025-07-18T01:01:20.641+01:00  INFO 160138 --- [           main] o.s.t.web.servlet.TestDispatcherServlet  : Initializing Servlet ''
2025-07-18T01:01:20.643+01:00  INFO 160138 --- [           main] o.s.t.web.servlet.TestDispatcherServlet  : Completed initialization in 1 ms
2025-07-18T01:01:20.665+01:00 DEBUG 160138 --- [           main] s.w.s.m.m.a.RequestMappingHandlerMapping : Mapped to tn.esprit.tpfoyer.control.UniversiteRestController#modifyUniversite(Universite)
2025-07-18T01:01:20.690+01:00 DEBUG 160138 --- [           main] m.m.a.RequestResponseBodyMethodProcessor : Read "application/json" to [Universite(idUniversite=1, nomUniversite=Université Modifiée, adresse=Adresse Modifiée, foyer=Foyer( (truncated)...]
2025-07-18T01:01:20.701+01:00 DEBUG 160138 --- [           main] m.m.a.RequestResponseBodyMethodProcessor : Using 'application/json', given [*/*] and supported [application/json, application/*+json]
2025-07-18T01:01:20.702+01:00 DEBUG 160138 --- [           main] m.m.a.RequestResponseBodyMethodProcessor : Writing [Universite(idUniversite=1, nomUniversite=Université Modifiée, adresse=Adresse Modifiée, foyer=Foyer( (truncated)...]
]]></system-out>
  </testcase>
  <testcase name="testGetAllUniversites_WhenEmpty" classname="tn.esprit.tpfoyer.UniversiteRestControllerTest" time="0.106">
    <system-out><![CDATA[2025-07-18T01:01:20.779+01:00 DEBUG 160138 --- [           main] s.w.s.m.m.a.RequestMappingHandlerMapping : 5 mappings in org.springframework.web.servlet.mvc.method.annotation.RequestMappingHandlerMapping
2025-07-18T01:01:20.789+01:00 DEBUG 160138 --- [           main] s.w.s.m.m.a.RequestMappingHandlerAdapter : ControllerAdvice beans: 0 @ModelAttribute, 0 @InitBinder, 1 RequestBodyAdvice, 1 ResponseBodyAdvice
2025-07-18T01:01:20.791+01:00 DEBUG 160138 --- [           main] .m.m.a.ExceptionHandlerExceptionResolver : ControllerAdvice beans: 0 @ExceptionHandler, 1 ResponseBodyAdvice
2025-07-18T01:01:20.793+01:00  INFO 160138 --- [           main] o.s.mock.web.MockServletContext          : Initializing Spring TestDispatcherServlet ''
2025-07-18T01:01:20.794+01:00  INFO 160138 --- [           main] o.s.t.web.servlet.TestDispatcherServlet  : Initializing Servlet ''
2025-07-18T01:01:20.796+01:00  INFO 160138 --- [           main] o.s.t.web.servlet.TestDispatcherServlet  : Completed initialization in 0 ms
2025-07-18T01:01:20.801+01:00 DEBUG 160138 --- [           main] s.w.s.m.m.a.RequestMappingHandlerMapping : Mapped to tn.esprit.tpfoyer.control.UniversiteRestController#getUniversites()
2025-07-18T01:01:20.807+01:00 DEBUG 160138 --- [           main] m.m.a.RequestResponseBodyMethodProcessor : Using 'application/json', given [*/*] and supported [application/json, application/*+json]
2025-07-18T01:01:20.818+01:00 DEBUG 160138 --- [           main] m.m.a.RequestResponseBodyMethodProcessor : Writing [[]]
]]></system-out>
  </testcase>
  <testcase name="testRemoveUniversite" classname="tn.esprit.tpfoyer.UniversiteRestControllerTest" time="0.076">
    <system-out><![CDATA[2025-07-18T01:01:20.878+01:00 DEBUG 160138 --- [           main] s.w.s.m.m.a.RequestMappingHandlerMapping : 5 mappings in org.springframework.web.servlet.mvc.method.annotation.RequestMappingHandlerMapping
2025-07-18T01:01:20.886+01:00 DEBUG 160138 --- [           main] s.w.s.m.m.a.RequestMappingHandlerAdapter : ControllerAdvice beans: 0 @ModelAttribute, 0 @InitBinder, 1 RequestBodyAdvice, 1 ResponseBodyAdvice
2025-07-18T01:01:20.888+01:00 DEBUG 160138 --- [           main] .m.m.a.ExceptionHandlerExceptionResolver : ControllerAdvice beans: 0 @ExceptionHandler, 1 ResponseBodyAdvice
2025-07-18T01:01:20.890+01:00  INFO 160138 --- [           main] o.s.mock.web.MockServletContext          : Initializing Spring TestDispatcherServlet ''
2025-07-18T01:01:20.890+01:00  INFO 160138 --- [           main] o.s.t.web.servlet.TestDispatcherServlet  : Initializing Servlet ''
2025-07-18T01:01:20.891+01:00  INFO 160138 --- [           main] o.s.t.web.servlet.TestDispatcherServlet  : Completed initialization in 0 ms
2025-07-18T01:01:20.896+01:00 DEBUG 160138 --- [           main] s.w.s.m.m.a.RequestMappingHandlerMapping : Mapped to tn.esprit.tpfoyer.control.UniversiteRestController#removeUniversite(Long)
2025-07-18T01:01:20.902+01:00 DEBUG 160138 --- [           main] m.m.a.RequestResponseBodyMethodProcessor : Using 'application/json', given [*/*] and supported [application/json, application/*+json]
2025-07-18T01:01:20.904+01:00 DEBUG 160138 --- [           main] m.m.a.RequestResponseBodyMethodProcessor : Nothing to write: null body
]]></system-out>
  </testcase>
  <testcase name="testAddUniversite_WithoutFoyer" classname="tn.esprit.tpfoyer.UniversiteRestControllerTest" time="0.1">
    <system-out><![CDATA[2025-07-18T01:01:20.950+01:00 DEBUG 160138 --- [           main] s.w.s.m.m.a.RequestMappingHandlerMapping : 5 mappings in org.springframework.web.servlet.mvc.method.annotation.RequestMappingHandlerMapping
2025-07-18T01:01:20.961+01:00 DEBUG 160138 --- [           main] s.w.s.m.m.a.RequestMappingHandlerAdapter : ControllerAdvice beans: 0 @ModelAttribute, 0 @InitBinder, 1 RequestBodyAdvice, 1 ResponseBodyAdvice
2025-07-18T01:01:20.963+01:00 DEBUG 160138 --- [           main] .m.m.a.ExceptionHandlerExceptionResolver : ControllerAdvice beans: 0 @ExceptionHandler, 1 ResponseBodyAdvice
2025-07-18T01:01:20.965+01:00  INFO 160138 --- [           main] o.s.mock.web.MockServletContext          : Initializing Spring TestDispatcherServlet ''
2025-07-18T01:01:20.965+01:00  INFO 160138 --- [           main] o.s.t.web.servlet.TestDispatcherServlet  : Initializing Servlet ''
2025-07-18T01:01:20.966+01:00  INFO 160138 --- [           main] o.s.t.web.servlet.TestDispatcherServlet  : Completed initialization in 0 ms
2025-07-18T01:01:20.978+01:00 DEBUG 160138 --- [           main] s.w.s.m.m.a.RequestMappingHandlerMapping : Mapped to tn.esprit.tpfoyer.control.UniversiteRestController#addUniversite(Universite)
2025-07-18T01:01:20.999+01:00 DEBUG 160138 --- [           main] m.m.a.RequestResponseBodyMethodProcessor : Read "application/json" to [Universite(idUniversite=0, nomUniversite=Université Sans Foyer, adresse=Adresse Test, foyer=null)]
2025-07-18T01:01:21.009+01:00 DEBUG 160138 --- [           main] m.m.a.RequestResponseBodyMethodProcessor : Using 'application/json', given [*/*] and supported [application/json, application/*+json]
2025-07-18T01:01:21.010+01:00 DEBUG 160138 --- [           main] m.m.a.RequestResponseBodyMethodProcessor : Writing [Universite(idUniversite=0, nomUniversite=Université Sans Foyer, adresse=Adresse Test, foyer=null)]
]]></system-out>
  </testcase>
  <testcase name="testGetUniversiteById" classname="tn.esprit.tpfoyer.UniversiteRestControllerTest" time="0.085">
    <system-out><![CDATA[2025-07-18T01:01:21.060+01:00 DEBUG 160138 --- [           main] s.w.s.m.m.a.RequestMappingHandlerMapping : 5 mappings in org.springframework.web.servlet.mvc.method.annotation.RequestMappingHandlerMapping
2025-07-18T01:01:21.067+01:00 DEBUG 160138 --- [           main] s.w.s.m.m.a.RequestMappingHandlerAdapter : ControllerAdvice beans: 0 @ModelAttribute, 0 @InitBinder, 1 RequestBodyAdvice, 1 ResponseBodyAdvice
2025-07-18T01:01:21.068+01:00 DEBUG 160138 --- [           main] .m.m.a.ExceptionHandlerExceptionResolver : ControllerAdvice beans: 0 @ExceptionHandler, 1 ResponseBodyAdvice
2025-07-18T01:01:21.070+01:00  INFO 160138 --- [           main] o.s.mock.web.MockServletContext          : Initializing Spring TestDispatcherServlet ''
2025-07-18T01:01:21.070+01:00  INFO 160138 --- [           main] o.s.t.web.servlet.TestDispatcherServlet  : Initializing Servlet ''
2025-07-18T01:01:21.071+01:00  INFO 160138 --- [           main] o.s.t.web.servlet.TestDispatcherServlet  : Completed initialization in 0 ms
2025-07-18T01:01:21.077+01:00 DEBUG 160138 --- [           main] s.w.s.m.m.a.RequestMappingHandlerMapping : Mapped to tn.esprit.tpfoyer.control.UniversiteRestController#retrieveUniversite(Long)
2025-07-18T01:01:21.088+01:00 DEBUG 160138 --- [           main] m.m.a.RequestResponseBodyMethodProcessor : Using 'application/json', given [*/*] and supported [application/json, application/*+json]
2025-07-18T01:01:21.090+01:00 DEBUG 160138 --- [           main] m.m.a.RequestResponseBodyMethodProcessor : Writing [Universite(idUniversite=1, nomUniversite=Université de Tunis, adresse=Tunis, Tunisie, foyer=Foyer(id (truncated)...]
]]></system-out>
  </testcase>
  <testcase name="testAddUniversite" classname="tn.esprit.tpfoyer.UniversiteRestControllerTest" time="0.107">
    <system-out><![CDATA[2025-07-18T01:01:21.165+01:00 DEBUG 160138 --- [           main] s.w.s.m.m.a.RequestMappingHandlerMapping : 5 mappings in org.springframework.web.servlet.mvc.method.annotation.RequestMappingHandlerMapping
2025-07-18T01:01:21.173+01:00 DEBUG 160138 --- [           main] s.w.s.m.m.a.RequestMappingHandlerAdapter : ControllerAdvice beans: 0 @ModelAttribute, 0 @InitBinder, 1 RequestBodyAdvice, 1 ResponseBodyAdvice
2025-07-18T01:01:21.174+01:00 DEBUG 160138 --- [           main] .m.m.a.ExceptionHandlerExceptionResolver : ControllerAdvice beans: 0 @ExceptionHandler, 1 ResponseBodyAdvice
2025-07-18T01:01:21.175+01:00  INFO 160138 --- [           main] o.s.mock.web.MockServletContext          : Initializing Spring TestDispatcherServlet ''
2025-07-18T01:01:21.176+01:00  INFO 160138 --- [           main] o.s.t.web.servlet.TestDispatcherServlet  : Initializing Servlet ''
2025-07-18T01:01:21.177+01:00  INFO 160138 --- [           main] o.s.t.web.servlet.TestDispatcherServlet  : Completed initialization in 1 ms
2025-07-18T01:01:21.191+01:00 DEBUG 160138 --- [           main] s.w.s.m.m.a.RequestMappingHandlerMapping : Mapped to tn.esprit.tpfoyer.control.UniversiteRestController#addUniversite(Universite)
2025-07-18T01:01:21.211+01:00 DEBUG 160138 --- [           main] m.m.a.RequestResponseBodyMethodProcessor : Read "application/json" to [Universite(idUniversite=0, nomUniversite=Nouvelle Université, adresse=Nouvelle Adresse, foyer=Foyer( (truncated)...]
2025-07-18T01:01:21.219+01:00 DEBUG 160138 --- [           main] m.m.a.RequestResponseBodyMethodProcessor : Using 'application/json', given [*/*] and supported [application/json, application/*+json]
2025-07-18T01:01:21.221+01:00 DEBUG 160138 --- [           main] m.m.a.RequestResponseBodyMethodProcessor : Writing [Universite(idUniversite=0, nomUniversite=Nouvelle Université, adresse=Nouvelle Adresse, foyer=Foyer( (truncated)...]
]]></system-out>
  </testcase>
</testsuite>